21:46:45.775 | Info | 'Server is running on http://localhost:3000' | 
21:50:14.814 | Info | 'Server is running on http://localhost:3000' | 
21:50:29.416 | Info | 'Server is running on http://localhost:3000' | 
21:50:41.254 | Info | 'Server is running on http://localhost:3000' | 
21:50:56.567 | Info | 'Server is running on http://localhost:3000' | 
21:52:50.784 | Info | 'Server is running on http://localhost:3000' | 
21:53:40.715 | Info | 'Server is running on http://localhost:3000' | 
21:53:53.901 | Info | 'Server is running on http://localhost:3000' | 
21:57:02.724 | Info | 'Server is running on http://localhost:3000' | 
21:58:02.768 | Info | 'Server is running on http://localhost:3000' | 
21:58:08.614 | Info | 'Server is running on http://localhost:3000' | 
21:58:35.903 | Info | 'Server is running on http://localhost:3000' | 
21:58:39.188 | Info | 'Server is running on http://localhost:3000' | 
22:00:58.061 | Info | 'Server is running on http://localhost:3000' | 
22:01:28.826 | Info | 'Server is running on http://localhost:3000' | 
22:01:31.792 | Info | 'Server is running on http://localhost:3000' | 
22:01:35.038 | Info | 'Server is running on http://localhost:3000' | 
22:02:35.773 | Info | 'Server is running on http://localhost:3000' | 
22:02:55.558 | Info | 'Server is running on http://localhost:3000' | 
22:03:56.343 | Info | 'Server is running on http://localhost:3000' | 
22:04:30.332 | Info | 'Server is running on http://localhost:3000' | 
22:05:15.546 | Info | 'Server is running on http://localhost:3000' | 
22:05:28.622 | Info | 'Server is running on http://localhost:3000' | 
22:06:40.801 | Info | 'Server is running on http://localhost:3000' | 
22:06:43.788 | Info | 'Server is running on http://localhost:3000' | 
22:06:57.506 | Info | 'Server is running on http://localhost:3000' | 
22:11:00.373 | Info | 'Server is running on http://localhost:3000' | 
22:58:08.459 | Info | 'Server is running on http://localhost:3000' | 
22:58:13.240 | Info | 'Server is running on http://localhost:3000' | 
23:02:48.375 | Info | 'Server is running on http://localhost:3000' | 
23:05:00.650 | Info | 'Server is running on http://localhost:3000' | 
23:05:43.226 | Info | 'Server is running on http://localhost:3000' | 
23:06:49.494 | Info | 'Server is running on http://localhost:3000' | 
23:06:54.206 | Info | 'Server is running on http://localhost:3000' | 
23:07:26.614 | Info | 'Server is running on http://localhost:3000' | 
23:08:40.850 | Info | 'Server is running on http://localhost:3000' | 
23:15:53.786 | Info | 'Server is running on http://localhost:3000' | 
23:16:46.622 | Info | 'Server is running on http://localhost:3000' | 
23:17:00.752 | Info | 'Server is running on http://localhost:3000' | 
23:17:13.546 | Info | 'Server is running on http://localhost:3000' | 
23:17:15.484 | Info | 'Validation failed' | Service: [object Object] | 
23:19:08.627 | Info | 'Server is running on http://localhost:3000' | 
23:19:09.950 | Error | 'Validation failed' | Service: [object Object] | 
23:19:11.027 | Error | 'Validation failed' | Service: [object Object] | 
23:19:36.902 | Info | 'Server is running on http://localhost:3000' | 
23:20:03.505 | Info | 'Server is running on http://localhost:3000' | 
23:20:37.972 | Error | 'Batch transfer failed' | Service: RangeError: Maximum call stack size exceeded | 
23:20:37.973 | Error | 'Batch transfer error' | Service: Error: Failed to execute batch transfer | 
23:21:09.263 | Info | 'Server is running on http://localhost:3000' | 
23:21:26.607 | Info | 'Batch transfer initiated - TX: 0xd0f095b00fd62300afd59ee9750736912c54e822fd937470fb391c22af2f060b' | 
